execve("/usr/bin/mknod", ["mknod", "fifo_mknod", "p"], 0x7ffd5e55cef0 /* 43 vars */) = 0
brk(NULL)                               = 0x64d88c084000
mmap(NULL, 8192, PROT_READ|PROT_WRITE, MAP_PRIVATE|MAP_ANONYMOUS, -1, 0) = 0x7445ccaf6000
access("/etc/ld.so.preload", R_OK)      = -1 ENOENT (No such file or directory)
openat(AT_FDCWD, "/etc/ld.so.cache", O_RDONLY|O_CLOEXEC) = 3
fstat(3, {st_mode=S_IFREG|0644, st_size=65983, ...}) = 0
mmap(NULL, 65983, PROT_READ, MAP_PRIVATE, 3, 0) = 0x7445ccae5000
close(3)                                = 0
openat(AT_FDCWD, "/lib/x86_64-linux-gnu/libselinux.so.1", O_RDONLY|O_CLOEXEC) = 3
read(3, "\177ELF\2\1\1\0\0\0\0\0\0\0\0\0\3\0>\0\1\0\0\0\0\0\0\0\0\0\0\0"..., 832) = 832
fstat(3, {st_mode=S_IFREG|0644, st_size=174472, ...}) = 0
mmap(NULL, 181960, PROT_READ, MAP_PRIVATE|MAP_DENYWRITE, 3, 0) = 0x7445ccab8000
mmap(0x7445ccabe000, 118784, PROT_READ|PROT_EXEC, MAP_PRIVATE|MAP_FIXED|MAP_DENYWRITE, 3, 0x6000) = 0x7445ccabe000
mmap(0x7445ccadb000, 24576, PROT_READ, MAP_PRIVATE|MAP_FIXED|MAP_DENYWRITE, 3, 0x23000) = 0x7445ccadb000
mmap(0x7445ccae1000, 8192, PROT_READ|PROT_WRITE, MAP_PRIVATE|MAP_FIXED|MAP_DENYWRITE, 3, 0x29000) = 0x7445ccae1000
mmap(0x7445ccae3000, 5832, PROT_READ|PROT_WRITE, MAP_PRIVATE|MAP_FIXED|MAP_ANONYMOUS, -1, 0) = 0x7445ccae3000
close(3)                                = 0
openat(AT_FDCWD, "/lib/x86_64-linux-gnu/libc.so.6", O_RDONLY|O_CLOEXEC) = 3
read(3, "\177ELF\2\1\1\3\0\0\0\0\0\0\0\0\3\0>\0\1\0\0\0\220\243\2\0\0\0\0\0"..., 832) = 832
pread64(3, "\6\0\0\0\4\0\0\0@\0\0\0\0\0\0\0@\0\0\0\0\0\0\0@\0\0\0\0\0\0\0"..., 784, 64) = 784
fstat(3, {st_mode=S_IFREG|0755, st_size=2125328, ...}) = 0
pread64(3, "\6\0\0\0\4\0\0\0@\0\0\0\0\0\0\0@\0\0\0\0\0\0\0@\0\0\0\0\0\0\0"..., 784, 64) = 784
mmap(NULL, 2170256, PROT_READ, MAP_PRIVATE|MAP_DENYWRITE, 3, 0) = 0x7445cc800000
mmap(0x7445cc828000, 1605632, PROT_READ|PROT_EXEC, MAP_PRIVATE|MAP_FIXED|MAP_DENYWRITE, 3, 0x28000) = 0x7445cc828000
mmap(0x7445cc9b0000, 323584, PROT_READ, MAP_PRIVATE|MAP_FIXED|MAP_DENYWRITE, 3, 0x1b0000) = 0x7445cc9b0000
mmap(0x7445cc9ff000, 24576, PROT_READ|PROT_WRITE, MAP_PRIVATE|MAP_FIXED|MAP_DENYWRITE, 3, 0x1fe000) = 0x7445cc9ff000
mmap(0x7445cca05000, 52624, PROT_READ|PROT_WRITE, MAP_PRIVATE|MAP_FIXED|MAP_ANONYMOUS, -1, 0) = 0x7445cca05000
close(3)                                = 0
openat(AT_FDCWD, "/lib/x86_64-linux-gnu/libpcre2-8.so.0", O_RDONLY|O_CLOEXEC) = 3
read(3, "\177ELF\2\1\1\0\0\0\0\0\0\0\0\0\3\0>\0\1\0\0\0\0\0\0\0\0\0\0\0"..., 832) = 832
fstat(3, {st_mode=S_IFREG|0644, st_size=625344, ...}) = 0
mmap(NULL, 627472, PROT_READ, MAP_PRIVATE|MAP_DENYWRITE, 3, 0) = 0x7445cca1e000
mmap(0x7445cca20000, 450560, PROT_READ|PROT_EXEC, MAP_PRIVATE|MAP_FIXED|MAP_DENYWRITE, 3, 0x2000) = 0x7445cca20000
mmap(0x7445cca8e000, 163840, PROT_READ, MAP_PRIVATE|MAP_FIXED|MAP_DENYWRITE, 3, 0x70000) = 0x7445cca8e000
mmap(0x7445ccab6000, 8192, PROT_READ|PROT_WRITE, MAP_PRIVATE|MAP_FIXED|MAP_DENYWRITE, 3, 0x97000) = 0x7445ccab6000
close(3)                                = 0
mmap(NULL, 12288, PROT_READ|PROT_WRITE, MAP_PRIVATE|MAP_ANONYMOUS, -1, 0) = 0x7445cca1b000
arch_prctl(ARCH_SET_FS, 0x7445cca1b800) = 0
set_tid_address(0x7445cca1bad0)         = 52994
set_robust_list(0x7445cca1bae0, 24)     = 0
rseq(0x7445cca1c120, 0x20, 0, 0x53053053) = 0
mprotect(0x7445cc9ff000, 16384, PROT_READ) = 0
mprotect(0x7445ccab6000, 4096, PROT_READ) = 0
mprotect(0x7445ccae1000, 4096, PROT_READ) = 0
mprotect(0x64d85a8ec000, 4096, PROT_READ) = 0
mprotect(0x7445ccb34000, 8192, PROT_READ) = 0
prlimit64(0, RLIMIT_STACK, NULL, {rlim_cur=8192*1024, rlim_max=RLIM64_INFINITY}) = 0
munmap(0x7445ccae5000, 65983)           = 0
statfs("/sys/fs/selinux", 0x7ffe94bcacd0) = -1 ENOENT (No such file or directory)
statfs("/selinux", 0x7ffe94bcacd0)      = -1 ENOENT (No such file or directory)
getrandom("\x89\x3c\x04\x1c\xaf\x4c\xb6\x6d", 8, GRND_NONBLOCK) = 8
brk(NULL)                               = 0x64d88c084000
brk(0x64d88c0a5000)                     = 0x64d88c0a5000
openat(AT_FDCWD, "/proc/filesystems", O_RDONLY|O_CLOEXEC) = 3
fstat(3, {st_mode=S_IFREG|0444, st_size=0, ...}) = 0
read(3, "nodev\tsysfs\nnodev\ttmpfs\nnodev\tbd"..., 1024) = 408
read(3, "", 1024)                       = 0
close(3)                                = 0
access("/etc/selinux/config", F_OK)     = -1 ENOENT (No such file or directory)
openat(AT_FDCWD, "/usr/lib/locale/locale-archive", O_RDONLY|O_CLOEXEC) = 3
fstat(3, {st_mode=S_IFREG|0644, st_size=5719296, ...}) = 0
mmap(NULL, 5719296, PROT_READ, MAP_PRIVATE, 3, 0) = 0x7445cc200000
close(3)                                = 0
mknodat(AT_FDCWD, "fifo_mknod", S_IFIFO|0666) = 0
close(1)                                = 0
close(2)                                = 0
exit_group(0)                           = ?
+++ exited with 0 +++
