execve("/usr/bin/mkfifo", ["mkfifo", "fifo_mkfifo"], 0x7ffe18289338 /* 43 vars */) = 0
brk(NULL)                               = 0x6023e60b7000
mmap(NULL, 8192, PROT_READ|PROT_WRITE, MAP_PRIVATE|MAP_ANONYMOUS, -1, 0) = 0x7fd551552000
access("/etc/ld.so.preload", R_OK)      = -1 ENOENT (No such file or directory)
openat(AT_FDCWD, "/etc/ld.so.cache", O_RDONLY|O_CLOEXEC) = 3
fstat(3, {st_mode=S_IFREG|0644, st_size=65983, ...}) = 0
mmap(NULL, 65983, PROT_READ, MAP_PRIVATE, 3, 0) = 0x7fd551541000
close(3)                                = 0
openat(AT_FDCWD, "/lib/x86_64-linux-gnu/libselinux.so.1", O_RDONLY|O_CLOEXEC) = 3
read(3, "\177ELF\2\1\1\0\0\0\0\0\0\0\0\0\3\0>\0\1\0\0\0\0\0\0\0\0\0\0\0"..., 832) = 832
fstat(3, {st_mode=S_IFREG|0644, st_size=174472, ...}) = 0
mmap(NULL, 181960, PROT_READ, MAP_PRIVATE|MAP_DENYWRITE, 3, 0) = 0x7fd551514000
mmap(0x7fd55151a000, 118784, PROT_READ|PROT_EXEC, MAP_PRIVATE|MAP_FIXED|MAP_DENYWRITE, 3, 0x6000) = 0x7fd55151a000
mmap(0x7fd551537000, 24576, PROT_READ, MAP_PRIVATE|MAP_FIXED|MAP_DENYWRITE, 3, 0x23000) = 0x7fd551537000
mmap(0x7fd55153d000, 8192, PROT_READ|PROT_WRITE, MAP_PRIVATE|MAP_FIXED|MAP_DENYWRITE, 3, 0x29000) = 0x7fd55153d000
mmap(0x7fd55153f000, 5832, PROT_READ|PROT_WRITE, MAP_PRIVATE|MAP_FIXED|MAP_ANONYMOUS, -1, 0) = 0x7fd55153f000
close(3)                                = 0
openat(AT_FDCWD, "/lib/x86_64-linux-gnu/libc.so.6", O_RDONLY|O_CLOEXEC) = 3
read(3, "\177ELF\2\1\1\3\0\0\0\0\0\0\0\0\3\0>\0\1\0\0\0\220\243\2\0\0\0\0\0"..., 832) = 832
pread64(3, "\6\0\0\0\4\0\0\0@\0\0\0\0\0\0\0@\0\0\0\0\0\0\0@\0\0\0\0\0\0\0"..., 784, 64) = 784
fstat(3, {st_mode=S_IFREG|0755, st_size=2125328, ...}) = 0
pread64(3, "\6\0\0\0\4\0\0\0@\0\0\0\0\0\0\0@\0\0\0\0\0\0\0@\0\0\0\0\0\0\0"..., 784, 64) = 784
mmap(NULL, 2170256, PROT_READ, MAP_PRIVATE|MAP_DENYWRITE, 3, 0) = 0x7fd551200000
mmap(0x7fd551228000, 1605632, PROT_READ|PROT_EXEC, MAP_PRIVATE|MAP_FIXED|MAP_DENYWRITE, 3, 0x28000) = 0x7fd551228000
mmap(0x7fd5513b0000, 323584, PROT_READ, MAP_PRIVATE|MAP_FIXED|MAP_DENYWRITE, 3, 0x1b0000) = 0x7fd5513b0000
mmap(0x7fd5513ff000, 24576, PROT_READ|PROT_WRITE, MAP_PRIVATE|MAP_FIXED|MAP_DENYWRITE, 3, 0x1fe000) = 0x7fd5513ff000
mmap(0x7fd551405000, 52624, PROT_READ|PROT_WRITE, MAP_PRIVATE|MAP_FIXED|MAP_ANONYMOUS, -1, 0) = 0x7fd551405000
close(3)                                = 0
openat(AT_FDCWD, "/lib/x86_64-linux-gnu/libpcre2-8.so.0", O_RDONLY|O_CLOEXEC) = 3
read(3, "\177ELF\2\1\1\0\0\0\0\0\0\0\0\0\3\0>\0\1\0\0\0\0\0\0\0\0\0\0\0"..., 832) = 832
fstat(3, {st_mode=S_IFREG|0644, st_size=625344, ...}) = 0
mmap(NULL, 627472, PROT_READ, MAP_PRIVATE|MAP_DENYWRITE, 3, 0) = 0x7fd55147a000
mmap(0x7fd55147c000, 450560, PROT_READ|PROT_EXEC, MAP_PRIVATE|MAP_FIXED|MAP_DENYWRITE, 3, 0x2000) = 0x7fd55147c000
mmap(0x7fd5514ea000, 163840, PROT_READ, MAP_PRIVATE|MAP_FIXED|MAP_DENYWRITE, 3, 0x70000) = 0x7fd5514ea000
mmap(0x7fd551512000, 8192, PROT_READ|PROT_WRITE, MAP_PRIVATE|MAP_FIXED|MAP_DENYWRITE, 3, 0x97000) = 0x7fd551512000
close(3)                                = 0
mmap(NULL, 12288, PROT_READ|PROT_WRITE, MAP_PRIVATE|MAP_ANONYMOUS, -1, 0) = 0x7fd551477000
arch_prctl(ARCH_SET_FS, 0x7fd551477800) = 0
set_tid_address(0x7fd551477ad0)         = 52987
set_robust_list(0x7fd551477ae0, 24)     = 0
rseq(0x7fd551478120, 0x20, 0, 0x53053053) = 0
mprotect(0x7fd5513ff000, 16384, PROT_READ) = 0
mprotect(0x7fd551512000, 4096, PROT_READ) = 0
mprotect(0x7fd55153d000, 4096, PROT_READ) = 0
mprotect(0x6023ab8c4000, 4096, PROT_READ) = 0
mprotect(0x7fd551590000, 8192, PROT_READ) = 0
prlimit64(0, RLIMIT_STACK, NULL, {rlim_cur=8192*1024, rlim_max=RLIM64_INFINITY}) = 0
munmap(0x7fd551541000, 65983)           = 0
statfs("/sys/fs/selinux", 0x7ffe0f7fb650) = -1 ENOENT (No such file or directory)
statfs("/selinux", 0x7ffe0f7fb650)      = -1 ENOENT (No such file or directory)
getrandom("\xd0\x1a\x49\xc4\x75\xaa\x87\x14", 8, GRND_NONBLOCK) = 8
brk(NULL)                               = 0x6023e60b7000
brk(0x6023e60d8000)                     = 0x6023e60d8000
openat(AT_FDCWD, "/proc/filesystems", O_RDONLY|O_CLOEXEC) = 3
fstat(3, {st_mode=S_IFREG|0444, st_size=0, ...}) = 0
read(3, "nodev\tsysfs\nnodev\ttmpfs\nnodev\tbd"..., 1024) = 408
read(3, "", 1024)                       = 0
close(3)                                = 0
access("/etc/selinux/config", F_OK)     = -1 ENOENT (No such file or directory)
openat(AT_FDCWD, "/usr/lib/locale/locale-archive", O_RDONLY|O_CLOEXEC) = 3
fstat(3, {st_mode=S_IFREG|0644, st_size=5719296, ...}) = 0
mmap(NULL, 5719296, PROT_READ, MAP_PRIVATE, 3, 0) = 0x7fd550c00000
close(3)                                = 0
mknodat(AT_FDCWD, "fifo_mkfifo", S_IFIFO|0666) = 0
close(1)                                = 0
close(2)                                = 0
exit_group(0)                           = ?
+++ exited with 0 +++
